~~~
<div id="e48baf16-065c-46c5-b427-20262bea32a3" data-jscall-id="108" style="visibility: hidden;">
  <div data-jscall-id="103">slider 1: 
    <input step="1" max="100" min="1" data-jscall-id="104" value="1" oninput="JSServe.update_obs('1996747531063313583', parseFloat(value))" type="range" />
    <p data-jscall-id="102">1</p>
  </div>
  <script data-jscall-id="105" type="text/javascript">
    window.__define = window.define;
    window.__require = window.require;
    window.define = undefined;
    window.require = undefined;

</script>
  <script data-jscall-id="106" type="text/javascript">
    window.define = window.__define;
    window.require = window.__require;
    window.__define = undefined;
    window.__require = undefined;

</script>
  <script data-jscall-id="107" type="text/javascript">
(()=> {
    JSServe.register_sub_session('e48baf16-065c-46c5-b427-20262bea32a3')
    const init_data_b64 = 'H4sIAAAAAAAAA8VUwY7TMBQU136Fb9lK225sx3GKtBxgOVAJFlRuCFlu8loMiR3FTrfRiks5I8GVGyBtucL+BL/A35CmSwuo6op2JXJy9OZNMjPJzOa5rFIjkw9vfp1ufVLJJe71Qh5wRrEfUoopi+iXzI6Fq3L4yFbY2aUQL+VE2rhQuWumQlz0B/dMAivMhTVlEcOP7wW4stBoVOrYKaOR0aLME+ngQMOZmMi0hDY6b6H6OjpS2kGRm1Q6pcfIjNDJ6UOka16LpE6QcS+gQP0yVRI1mxadmeIVyox1aYWkRTDNIXaQ3G4IY6OtQ7mAFDLQDh0jIaBeFPXAwdQJ8cx/3iBXmK7SGoqn9bBGr96w9bo1v9p5v1H+/MRkj37T/xn75FpL8R/2f+txGkWE8yCkpN5igb/J/WRByzllPCQRi4KIYo4ZZZuwC9qvFAeMkcinPu6FhNNw70wfX2XaWHN8B/UHAygm0F3mKhZ5CelcoYZlHfMGyw+RZx3k3uGSov3P3gbX+YV3U3Z6A8oyOd1P2PZ0/6cypfdTtu1b3FHXkxvQ1ezumdn2H322k7a36w6TeZ6qWC4aVCQmq7spMXHZFNYY3P1ld92tHiQHHgTRUI5w2PFDFneCMGadYUB4h/gkJEOQlEjqtZvW+4u1a12VQneirBqqVLmqfozX3KXgrQrw3VoXWR97PwF1nqgxVQYAAA=='
    JSServe.init_from_b64(init_data_b64)
    if (!true){
        JSServe.update_obs('11256117085931127262', true)
    }
})()
</script>
</div>
~~~
