~~~
<div id="01f7fa15-6371-410c-8e32-9477a6213713" data-jscall-id="108" style="visibility: hidden;">
  <div data-jscall-id="103">slider 1: 
    <input step="1" max="100" min="1" data-jscall-id="104" value="1" oninput="JSServe.update_obs('6880178251145392564', parseFloat(value))" type="range" />
    <p data-jscall-id="102">1</p>
  </div>
  <script data-jscall-id="105" type="text/javascript">
    window.__define = window.define;
    window.__require = window.require;
    window.define = undefined;
    window.require = undefined;

</script>
  <script data-jscall-id="106" type="text/javascript">
    window.define = window.__define;
    window.require = window.__require;
    window.__define = undefined;
    window.__require = undefined;

</script>
  <script data-jscall-id="107" type="text/javascript">
(()=> {
    JSServe.register_sub_session('01f7fa15-6371-410c-8e32-9477a6213713')
    const init_data_b64 = 'H4sIAAAAAAAAA8VUT2/TMBwV134K37JKaxfH+WekcYBxoBKMqdwQsrzk12JI7Ch2ukaISzkjsSs3QFq5jw/BV+Db4LmjBVR1op1ETk78fs957yVvNq94Wyief3z3a3Xns8gv4zT1cZIGEcZhRGgQxeHXUo+ZaSv4FC2xs0vGXvEJ11ktKuN2GbsYDB+oHJaYC62aOoMf32swTS3RqJGZEUoiJVlT5dzAnoQzNuFFA130poPsdXAgpIG6UgU3Qo6RGqGj48dIWl6NuMyRMi+hRoOmEBy5SY3OVP0alUqbokVcI5hWkBnI7zrCTEltUMWggBKkQYeIMbCDzG4YmBrGnvsvHHKJ6QspoX5mNy16+Yadt5359cz5WvnzI1U++U3/F+wHN1qK/7D/G44TQjEJMI5S4lOCE5yu8z93xDRIUkpDn/jYcsc0StZhXa5piFNqjyc0CbAfEkrxzrk+vc7V2XN4Dw2GQ6gn0F9ky64yY9yYWpw2Nuo1tu8jTxuovP0FRfef/Q1v9gxvp+34FrSVfLqbtM0J/09lQu6obOP3uKWyk1tQ5mZ3TW3jDz/bStv7VZfxqipExq+alOWqtB2Vq6xxxTUG83DRYffbR/me5+NRMuI46sUkwb0Q+1kvBRL0aJgkPA6wfUq8rmu/v1j72rQF9CdCi1NRCNPaYzx3V4C3LMIPK13Bakl/AnQqQetdBgAA'
    JSServe.init_from_b64(init_data_b64)
    if (!true){
        JSServe.update_obs('2292387115943747290', true)
    }
})()
</script>
</div>
~~~
